Wed May 11 02:05:07 CDT 2016
TACC: Starting up job 7032587
TACC: Setting up parallel environment for MVAPICH2+mpispawn.
TACC: Starting parallel tasks...
5 20.040865
 
TACC: Shutdown complete. Exiting.
TACC: Starting up job 7032587
TACC: Setting up parallel environment for MVAPICH2+mpispawn.
TACC: Starting parallel tasks...
10 17.556661
 
TACC: Shutdown complete. Exiting.
TACC: Starting up job 7032587
TACC: Setting up parallel environment for MVAPICH2+mpispawn.
TACC: Starting parallel tasks...
15 16.923768
 
TACC: Shutdown complete. Exiting.
TACC: Starting up job 7032587
TACC: Setting up parallel environment for MVAPICH2+mpispawn.
TACC: Starting parallel tasks...
20 99.460075
 
TACC: Shutdown complete. Exiting.
TACC: Starting up job 7032587
TACC: Setting up parallel environment for MVAPICH2+mpispawn.
TACC: Starting parallel tasks...
25 153.837165
 
TACC: Shutdown complete. Exiting.
TACC: Starting up job 7032587
TACC: Setting up parallel environment for MVAPICH2+mpispawn.
TACC: Starting parallel tasks...
30 146.081060
 
TACC: Shutdown complete. Exiting.
TACC: Starting up job 7032587
TACC: Setting up parallel environment for MVAPICH2+mpispawn.
TACC: Starting parallel tasks...
35 174.310792
 
TACC: Shutdown complete. Exiting.
TACC: Starting up job 7032587
TACC: Setting up parallel environment for MVAPICH2+mpispawn.
TACC: Starting parallel tasks...
40 202.249137
 
TACC: Shutdown complete. Exiting.
TACC: Starting up job 7032587
TACC: Setting up parallel environment for MVAPICH2+mpispawn.
TACC: Starting parallel tasks...
45 20.717914
 
TACC: Shutdown complete. Exiting.
TACC: Starting up job 7032587
TACC: Setting up parallel environment for MVAPICH2+mpispawn.
TACC: Starting parallel tasks...
50 21.423873
 
TACC: Shutdown complete. Exiting.
TACC: Starting up job 7032587
TACC: Setting up parallel environment for MVAPICH2+mpispawn.
TACC: Starting parallel tasks...
55 22.329999
 
TACC: Shutdown complete. Exiting.
TACC: Starting up job 7032587
TACC: Setting up parallel environment for MVAPICH2+mpispawn.
TACC: Starting parallel tasks...
60 23.017979
 
TACC: Shutdown complete. Exiting.
TACC: Starting up job 7032587
TACC: Setting up parallel environment for MVAPICH2+mpispawn.
TACC: Starting parallel tasks...
65 24.676641
 
TACC: Shutdown complete. Exiting.
TACC: Starting up job 7032587
TACC: Setting up parallel environment for MVAPICH2+mpispawn.
TACC: Starting parallel tasks...
70 24.359944
 
TACC: Shutdown complete. Exiting.
TACC: Starting up job 7032587
TACC: Setting up parallel environment for MVAPICH2+mpispawn.
TACC: Starting parallel tasks...
75 25.518057
 
TACC: Shutdown complete. Exiting.
TACC: Starting up job 7032587
TACC: Setting up parallel environment for MVAPICH2+mpispawn.
TACC: Starting parallel tasks...
80 25.971174
 
TACC: Shutdown complete. Exiting.
