Wed May 11 02:27:15 CDT 2016
TACC: Starting up job 7032643
TACC: Setting up parallel environment for MVAPICH2+mpispawn.
TACC: Starting parallel tasks...
5 20.038350
 
TACC: Shutdown complete. Exiting.
TACC: Starting up job 7032643
TACC: Setting up parallel environment for MVAPICH2+mpispawn.
TACC: Starting parallel tasks...
10 17.727834
 
TACC: Shutdown complete. Exiting.
TACC: Starting up job 7032643
TACC: Setting up parallel environment for MVAPICH2+mpispawn.
TACC: Starting parallel tasks...
15 16.949972
 
TACC: Shutdown complete. Exiting.
TACC: Starting up job 7032643
TACC: Setting up parallel environment for MVAPICH2+mpispawn.
TACC: Starting parallel tasks...
20 100.526993
 
TACC: Shutdown complete. Exiting.
TACC: Starting up job 7032643
TACC: Setting up parallel environment for MVAPICH2+mpispawn.
TACC: Starting parallel tasks...
25 151.932231
 
TACC: Shutdown complete. Exiting.
TACC: Starting up job 7032643
TACC: Setting up parallel environment for MVAPICH2+mpispawn.
TACC: Starting parallel tasks...
30 143.879292
 
TACC: Shutdown complete. Exiting.
TACC: Starting up job 7032643
TACC: Setting up parallel environment for MVAPICH2+mpispawn.
TACC: Starting parallel tasks...
35 171.261920
 
TACC: Shutdown complete. Exiting.
TACC: Starting up job 7032643
TACC: Setting up parallel environment for MVAPICH2+mpispawn.
TACC: Starting parallel tasks...
40 238.230803
 
TACC: Shutdown complete. Exiting.
TACC: Starting up job 7032643
TACC: Setting up parallel environment for MVAPICH2+mpispawn.
TACC: Starting parallel tasks...
45 21.846990
 
TACC: Shutdown complete. Exiting.
TACC: Starting up job 7032643
TACC: Setting up parallel environment for MVAPICH2+mpispawn.
TACC: Starting parallel tasks...
50 22.300823
 
TACC: Shutdown complete. Exiting.
TACC: Starting up job 7032643
TACC: Setting up parallel environment for MVAPICH2+mpispawn.
TACC: Starting parallel tasks...
55 22.379876
 
TACC: Shutdown complete. Exiting.
TACC: Starting up job 7032643
TACC: Setting up parallel environment for MVAPICH2+mpispawn.
TACC: Starting parallel tasks...
60 23.229389
 
TACC: Shutdown complete. Exiting.
TACC: Starting up job 7032643
TACC: Setting up parallel environment for MVAPICH2+mpispawn.
TACC: Starting parallel tasks...
65 24.750033
 
TACC: Shutdown complete. Exiting.
TACC: Starting up job 7032643
TACC: Setting up parallel environment for MVAPICH2+mpispawn.
TACC: Starting parallel tasks...
70 24.811570
 
TACC: Shutdown complete. Exiting.
TACC: Starting up job 7032643
TACC: Setting up parallel environment for MVAPICH2+mpispawn.
TACC: Starting parallel tasks...
75 25.481915
 
TACC: Shutdown complete. Exiting.
TACC: Starting up job 7032643
TACC: Setting up parallel environment for MVAPICH2+mpispawn.
TACC: Starting parallel tasks...
80 26.093457
 
TACC: Shutdown complete. Exiting.
